<?xml version="1.0" encoding="UTF-8"?>
<!-- Generated by org.testng.reporters.JUnitReportReporter -->
<testsuite hostname="PP-C02FD3BKMD6M" failures="0" tests="1" name="QualiAssignmentTestcases.RegisterAndLoginWithSameCreds" time="15.594" errors="0" timestamp="2023-12-05T18:57:21 IST" skipped="0">
  <testcase classname="QualiAssignmentTestcases.RegisterAndLoginWithSameCreds" name="CheckErrorMessageswithNullFields" time="15.594"/>
</testsuite> <!-- QualiAssignmentTestcases.RegisterAndLoginWithSameCreds -->
