<?xml version="1.0" encoding="UTF-8"?>
<!-- Generated by org.testng.reporters.JUnitReportReporter -->
<testsuite hostname="PP-C02FD3BKMD6M" failures="0" tests="1" name="QualiAssignmentTestcases.RegisterAndLoginWithSameCreds" time="20.892" errors="0" timestamp="2023-12-05T15:37:15 IST" skipped="0">
  <testcase classname="QualiAssignmentTestcases.RegisterAndLoginWithSameCreds" name="RegisterWithValidCredsAndLoginWithSameCreds" time="20.892"/>
</testsuite> <!-- QualiAssignmentTestcases.RegisterAndLoginWithSameCreds -->
