<?xml version="1.0" encoding="UTF-8"?>
<!-- Generated by org.testng.reporters.JUnitReportReporter -->
<testsuite hostname="PP-C02FD3BKMD6M" failures="0" tests="2" name="QualiAssignmentTestcases.RegisterTestcases" time="15.718" errors="0" timestamp="2023-12-05T12:47:59 IST" skipped="0">
  <testcase classname="QualiAssignmentTestcases.RegisterTestcases" name="ChecktheErroMessagewithNullFields" time="8.373"/>
  <testcase classname="QualiAssignmentTestcases.RegisterTestcases" name="RegisterWithCredentials" time="7.345"/>
</testsuite> <!-- QualiAssignmentTestcases.RegisterTestcases -->
