<?xml version="1.0" encoding="UTF-8"?>
<!-- Generated by org.testng.reporters.JUnitReportReporter -->
<testsuite hostname="PP-C02FD3BKMD6M" failures="0" tests="2" name="QualiAssignmentTestcases.RegisterAndLoginWithSameCreds" time="19.602" errors="0" timestamp="2023-12-05T20:22:32 IST" skipped="0">
  <testcase classname="QualiAssignmentTestcases.RegisterAndLoginWithSameCreds" name="CheckErrorMessageswithNullFields" time="9.846"/>
  <testcase classname="QualiAssignmentTestcases.RegisterAndLoginWithSameCreds" name="RegisterWithValidCreds" time="9.756"/>
</testsuite> <!-- QualiAssignmentTestcases.RegisterAndLoginWithSameCreds -->
