<?xml version="1.0" encoding="UTF-8"?>
<!-- Generated by org.testng.reporters.JUnitReportReporter -->
<testsuite hostname="PP-C02FD3BKMD6M" failures="0" tests="1" name="QualiAssignmentTestcases.LoginTestCases" time="6.974" errors="0" timestamp="2023-12-05T20:22:32 IST" skipped="0">
  <testcase classname="QualiAssignmentTestcases.LoginTestCases" name="LoginWithValidCredentials" time="6.974"/>
</testsuite> <!-- QualiAssignmentTestcases.LoginTestCases -->
