<?xml version="1.0" encoding="UTF-8"?>
<!-- Generated by org.testng.reporters.JUnitReportReporter -->
<testsuite hostname="PP-C02FD3BKMD6M" failures="0" tests="1" name="QualiAssignmentTestcases.LoginTestCases" time="8.979" errors="0" timestamp="2023-12-05T15:25:39 IST" skipped="0">
  <testcase classname="QualiAssignmentTestcases.LoginTestCases" name="LoginWithValidCredentials" time="8.979"/>
</testsuite> <!-- QualiAssignmentTestcases.LoginTestCases -->
